<?xml version="1.0" encoding="UTF-8"?>
<testsuite name="com.example.project.TestMain" tests="14" skipped="0" failures="0" errors="0" timestamp="2025-02-07T13:16:03" hostname="codespaces-98bafa" time="0.153">
  <properties/>
  <testcase name="testNotAlone()" classname="com.example.project.TestMain" time="0.049"/>
  <testcase name="TestShiftLeft()" classname="com.example.project.TestMain" time="0.002"/>
  <testcase name="testParseSentence()" classname="com.example.project.TestMain" time="0.005"/>
  <testcase name="testRemoveDuplicates()" classname="com.example.project.TestMain" time="0.003"/>
  <testcase name="testFix34()" classname="com.example.project.TestMain" time="0.007"/>
  <testcase name="testMode()" classname="com.example.project.TestMain" time="0.003"/>
  <testcase name="testSameFirstLast()" classname="com.example.project.TestMain" time="0.002"/>
  <testcase name="testSwapEnds()" classname="com.example.project.TestMain" time="0.004"/>
  <testcase name="testZeroFront()" classname="com.example.project.TestMain" time="0.002"/>
  <testcase name="testRemove3()" classname="com.example.project.TestMain" time="0.003"/>
  <testcase name="testReverseArray()" classname="com.example.project.TestMain" time="0.006"/>
  <testcase name="testInsertAfterI()" classname="com.example.project.TestMain" time="0.002"/>
  <testcase name="testMoveBWords()" classname="com.example.project.TestMain" time="0.002"/>
  <testcase name="testDuplicateUpperEnd()" classname="com.example.project.TestMain" time="0.007"/>
  <system-out><![CDATA[[1, 3, 3]
[1, 3, 3, 5, 5, 5]
[4, 4]
[4, 3, 4, 4]
]]></system-out>
  <system-err><![CDATA[]]></system-err>
</testsuite>
